d:\201920085211012-周浩源-prj08-20191118\udpfiletransfercs\filetransferclient\debug\filetransferclient.pch
d:\201920085211012-周浩源-prj08-20191118\udpfiletransfercs\filetransferclient\debug\vc140.pdb
d:\201920085211012-周浩源-prj08-20191118\udpfiletransfercs\filetransferclient\debug\vc140.idb
d:\201920085211012-周浩源-prj08-20191118\udpfiletransfercs\filetransferclient\debug\stdafx.obj
d:\201920085211012-周浩源-prj08-20191118\udpfiletransfercs\filetransferclient\debug\filetransferclient.obj
d:\201920085211012-周浩源-prj08-20191118\udpfiletransfercs\filetransferclient\debug\filetransferclientdlg.obj
d:\201920085211012-周浩源-prj08-20191118\udpfiletransfercs\filetransferclient\debug\transferclient.obj
d:\201920085211012-周浩源-prj08-20191118\udpfiletransfercs\filetransferclient\debug\message.obj
d:\201920085211012-周浩源-prj08-20191118\udpfiletransfercs\debug\filetransferclient.ilk
d:\201920085211012-周浩源-prj08-20191118\udpfiletransfercs\debug\filetransferclient.exe
d:\201920085211012-周浩源-prj08-20191118\udpfiletransfercs\debug\filetransferclient.pdb
d:\201920085211012-周浩源-prj08-20191118\udpfiletransfercs\filetransferclient\debug\filetransferclient.res
d:\201920085211012-周浩源-prj08-20191118\udpfiletransfercs\filetransferclient\debug\filetran.130bae2c.tlog\cl.command.1.tlog
d:\201920085211012-周浩源-prj08-20191118\udpfiletransfercs\filetransferclient\debug\filetran.130bae2c.tlog\cl.read.1.tlog
d:\201920085211012-周浩源-prj08-20191118\udpfiletransfercs\filetransferclient\debug\filetran.130bae2c.tlog\cl.write.1.tlog
d:\201920085211012-周浩源-prj08-20191118\udpfiletransfercs\filetransferclient\debug\filetran.130bae2c.tlog\link.command.1.tlog
d:\201920085211012-周浩源-prj08-20191118\udpfiletransfercs\filetransferclient\debug\filetran.130bae2c.tlog\link.read.1.tlog
d:\201920085211012-周浩源-prj08-20191118\udpfiletransfercs\filetransferclient\debug\filetran.130bae2c.tlog\link.write.1.tlog
d:\201920085211012-周浩源-prj08-20191118\udpfiletransfercs\filetransferclient\debug\filetran.130bae2c.tlog\rc.command.1.tlog
d:\201920085211012-周浩源-prj08-20191118\udpfiletransfercs\filetransferclient\debug\filetran.130bae2c.tlog\rc.read.1.tlog
d:\201920085211012-周浩源-prj08-20191118\udpfiletransfercs\filetransferclient\debug\filetran.130bae2c.tlog\rc.write.1.tlog
